2025-04-29, 200000.0
2025-04-30, 200000.0
2025-05-06, 200000.0
2025-05-07, 200000.0
2025-05-08, 200000.0
2025-05-09, 200000.0
2025-05-12, 200000.0
2025-05-13, 200000.0
2025-05-14, 200000.0
2025-05-15, 200777.09000000003
2025-05-16, 200777.09000000003
2025-05-19, 200777.09000000003
2025-05-20, 200777.09000000003
2025-05-21, 200777.09000000003
2025-05-22, 200777.09000000003
2025-05-23, 200777.09000000003
2025-05-26, 202305.89000000004
2025-05-27, 202305.89000000004
2025-05-28, 202305.89000000004
2025-05-29, 202305.89000000004
2025-05-30, 202305.89000000004
2025-06-03, 202305.89000000004
2025-06-04, 202305.89000000004
2025-06-05, 202305.89000000004
2025-06-06, 202305.89000000004
2025-06-09, 202305.89000000004
