2025-04-29, 200000.0
2025-04-30, 200000.0
2025-05-06, 200000.0
2025-05-07, 200000.0
2025-05-08, 200000.0
2025-05-09, 200000.0
2025-05-12, 200000.0
2025-05-13, 202372.05903095557
2025-05-14, 202372.05903095557
2025-05-15, 199117.06549125153
2025-05-16, 199117.06549125153
2025-05-19, 199117.06549125153
2025-05-20, 199117.06549125153
2025-05-21, 199117.06549125153
2025-05-22, 200205.10188425286
2025-05-23, 200205.10188425286
2025-05-26, 200205.10188425286
2025-05-27, 201001.8127052488
2025-05-28, 201001.8127052488
2025-05-29, 199728.78013458935
2025-05-30, 199728.78013458935
2025-06-03, 199728.78013458935
2025-06-04, 199728.78013458935
2025-06-05, 199728.78013458935
2025-06-06, 200184.24013458934
2025-06-09, 197940.04013458933
