2025-04-29, 200000.0
2025-04-30, 200000.0
2025-05-06, 200000.0
2025-05-07, 200000.0
2025-05-08, 200000.0
2025-05-09, 200000.0
2025-05-12, 200000.0
2025-05-13, 200000.0
2025-05-14, 200889.430545966
2025-05-15, 201181.00025572168
2025-05-16, 201181.00025572168
2025-05-19, 200804.73757831473
2025-05-20, 199880.4258406852
2025-05-21, 199880.4258406852
2025-05-22, 199880.4258406852
2025-05-23, 199880.4258406852
2025-05-26, 199880.4258406852
2025-05-27, 200371.72075182188
2025-05-28, 200371.72075182188
2025-05-29, 200371.72075182188
2025-05-30, 200371.72075182188
2025-06-03, 200371.72075182188
2025-06-04, 200371.72075182188
2025-06-05, 200371.72075182188
2025-06-06, 200371.72075182188
2025-06-09, 200864.47075182188
