2025-04-29, 200000.0
2025-04-30, 200000.0
2025-05-06, 200000.0
2025-05-07, 200000.0
2025-05-08, 200000.0
2025-05-09, 200000.0
2025-05-12, 200000.0
2025-05-13, 202796.98044226057
2025-05-14, 212937.16120638835
2025-05-15, 212937.16120638835
2025-05-16, 213636.11920638845
2025-05-19, 213636.11920638845
2025-05-20, 213636.11920638845
2025-05-21, 213636.11920638845
2025-05-22, 213636.11920638845
2025-05-23, 213636.11920638845
2025-05-26, 213636.11920638845
2025-05-27, 213636.11920638845
2025-05-28, 213636.11920638845
2025-05-29, 213636.11920638845
2025-05-30, 213636.11920638845
2025-06-03, 213636.11920638845
2025-06-04, 213636.11920638845
2025-06-05, 213636.11920638845
2025-06-06, 213636.11920638845
2025-06-09, 213636.11920638845
