2025-04-29, 200000.0
2025-04-30, 200000.0
2025-05-06, 200000.0
2025-05-07, 200000.0
2025-05-08, 200000.0
2025-05-09, 199676.55507867734
2025-05-12, 199215.48281413908
2025-05-13, 199604.5944583809
2025-05-14, 199604.5944583809
2025-05-15, 197731.42196123154
2025-05-16, 196019.19847206405
2025-05-19, 197334.74110832415
2025-05-20, 197334.74110832415
2025-05-21, 196837.02726111774
2025-05-22, 196837.02726111774
2025-05-23, 196736.5610718361
2025-05-26, 200429.21710832414
2025-05-27, 201587.82910832413
2025-05-28, 201587.82910832413
2025-05-29, 201587.82910832413
2025-05-30, 201587.82910832413
2025-06-03, 201587.82910832413
2025-06-04, 201563.43310832413
2025-06-05, 200699.68510832413
2025-06-06, 200699.68510832413
2025-06-09, 200699.68510832413
