2025-04-29, 200000.0
2025-04-30, 200000.0
2025-05-06, 200000.0
2025-05-07, 200000.0
2025-05-08, 200000.0
2025-05-09, 200000.0
2025-05-12, 200659.95588589954
2025-05-13, 200659.95588589954
2025-05-14, 200659.95588589954
2025-05-15, 196945.57461458675
2025-05-16, 197616.75121620749
2025-05-19, 197616.75121620749
2025-05-20, 197616.75121620749
2025-05-21, 197616.75121620749
2025-05-22, 197616.75121620749
2025-05-23, 197616.75121620749
2025-05-26, 197616.75121620749
2025-05-27, 197616.75121620749
2025-05-28, 197839.11121620747
2025-05-29, 195611.34321620746
2025-05-30, 194702.96721620747
2025-06-03, 194702.96721620747
2025-06-04, 194702.96721620747
2025-06-05, 194945.4192162075
2025-06-06, 194945.4192162075
2025-06-09, 194945.4192162075
