2025-04-29, 200000.0
2025-04-30, 200000.0
2025-05-06, 200000.0
2025-05-07, 200000.0
2025-05-08, 200000.0
2025-05-09, 200000.0
2025-05-12, 193869.11658498642
2025-05-13, 193518.9097005056
2025-05-14, 193518.9097005056
2025-05-15, 193518.9097005056
2025-05-16, 193518.9097005056
2025-05-19, 193518.9097005056
2025-05-20, 193518.9097005056
2025-05-21, 193518.9097005056
2025-05-22, 193518.9097005056
2025-05-23, 193518.9097005056
2025-05-26, 193518.9097005056
2025-05-27, 193518.9097005056
2025-05-28, 192216.94970050562
2025-05-29, 192216.94970050562
2025-05-30, 192216.94970050562
2025-06-03, 192216.94970050562
2025-06-04, 189369.4697005056
2025-06-05, 191021.7697005056
2025-06-06, 191021.7697005056
2025-06-09, 191021.7697005056
