2025-04-29, 200000.0
2025-04-30, 200000.0
2025-05-06, 200000.0
2025-05-07, 200000.0
2025-05-08, 200000.0
2025-05-09, 200000.0
2025-05-12, 201670.03929113923
2025-05-13, 201670.03929113923
2025-05-14, 201670.03929113923
2025-05-15, 201670.03929113923
2025-05-16, 201627.7255443037
2025-05-19, 201627.7255443037
2025-05-20, 201627.7255443037
2025-05-21, 201627.7255443037
2025-05-22, 201627.7255443037
2025-05-23, 201627.7255443037
2025-05-26, 202070.0575443037
2025-05-27, 202070.0575443037
2025-05-28, 202070.0575443037
2025-05-29, 202070.0575443037
2025-05-30, 202070.0575443037
2025-06-03, 201552.7735443037
2025-06-04, 201552.7735443037
2025-06-05, 201552.7735443037
2025-06-06, 201552.7735443037
2025-06-09, 201552.7735443037
