2025-04-29, 200000.0
2025-04-30, 200000.0
2025-05-06, 200000.0
2025-05-07, 200000.0
2025-05-08, 200000.0
2025-05-09, 200000.0
2025-05-12, 199807.2465960176
2025-05-13, 200859.87245359446
2025-05-14, 200859.87245359446
2025-05-15, 200859.87245359446
2025-05-16, 200859.87245359446
2025-05-19, 200661.5542247724
2025-05-20, 200661.5542247724
2025-05-21, 200661.5542247724
2025-05-22, 200661.5542247724
2025-05-23, 200661.5542247724
2025-05-26, 200661.5542247724
2025-05-27, 200661.5542247724
2025-05-28, 200661.5542247724
2025-05-29, 200661.5542247724
2025-05-30, 200661.5542247724
2025-06-03, 200661.5542247724
2025-06-04, 202071.7914222074
2025-06-05, 202071.7914222074
2025-06-06, 202071.7914222074
2025-06-09, 202071.7914222074
