2025-04-29, 200000.0
2025-04-30, 200000.0
2025-05-06, 200000.0
2025-05-07, 200000.0
2025-05-08, 200000.0
2025-05-09, 200679.826
2025-05-12, 200679.826
2025-05-13, 200656.68399999998
2025-05-14, 200656.68399999998
2025-05-15, 200656.68399999998
2025-05-16, 200656.68399999998
2025-05-19, 200656.68399999998
2025-05-20, 200656.68399999998
2025-05-21, 200656.68399999998
2025-05-22, 200656.68399999998
2025-05-23, 200656.68399999998
2025-05-26, 200656.68399999998
2025-05-27, 200656.68399999998
2025-05-28, 200656.68399999998
2025-05-29, 200656.68399999998
2025-05-30, 200656.68399999998
2025-06-03, 200656.68399999998
2025-06-04, 201777.67599999998
2025-06-05, 201777.67599999998
2025-06-06, 201777.67599999998
2025-06-09, 201777.67599999998
