2025-04-29, 200000.0
2025-04-30, 200000.0
2025-05-06, 200000.0
2025-05-07, 200000.0
2025-05-08, 200000.0
2025-05-09, 200000.0
2025-05-12, 200000.0
2025-05-13, 198074.0606540481
2025-05-14, 198074.0606540481
2025-05-15, 198768.22280977745
2025-05-16, 198768.22280977745
2025-05-19, 198768.22280977745
2025-05-20, 198768.22280977745
2025-05-21, 200211.74996902037
2025-05-22, 200211.74996902037
2025-05-23, 200425.94686214064
2025-05-26, 200425.94686214064
2025-05-27, 200425.94686214064
2025-05-28, 200425.94686214064
2025-05-29, 200462.81886214064
2025-05-30, 200462.81886214064
2025-06-03, 200462.81886214064
2025-06-04, 198841.71086214064
2025-06-05, 199360.04886214063
2025-06-06, 201502.71286214064
2025-06-09, 201502.71286214064
