2025-04-29, 200000.0
2025-04-30, 200000.0
2025-05-06, 200000.0
2025-05-07, 200000.0
2025-05-08, 200000.0
2025-05-09, 200000.0
2025-05-12, 200000.0
2025-05-13, 200196.96911322256
2025-05-14, 200445.21953285832
2025-05-15, 201189.7303167063
2025-05-16, 201189.7303167063
2025-05-19, 201189.7303167063
2025-05-20, 201189.7303167063
2025-05-21, 201189.7303167063
2025-05-22, 201189.7303167063
2025-05-23, 201189.7303167063
2025-05-26, 201189.7303167063
2025-05-27, 201189.7303167063
2025-05-28, 201588.61832145695
2025-05-29, 200636.17676959632
2025-05-30, 200384.90037212995
2025-06-03, 200384.90037212995
2025-06-04, 200384.90037212995
2025-06-05, 200384.90037212995
2025-06-06, 200384.90037212995
2025-06-09, 200384.90037212995
