2025-04-29, 200000.0
2025-04-30, 200000.0
2025-05-06, 200000.0
2025-05-07, 200000.0
2025-05-08, 200000.0
2025-05-09, 201177.884
2025-05-12, 201275.76799999998
2025-05-13, 201370.84399999998
2025-05-14, 201370.84399999998
2025-05-15, 199843.97599999997
2025-05-16, 199843.97599999997
2025-05-19, 199843.97599999997
2025-05-20, 199843.97599999997
2025-05-21, 199843.97599999997
2025-05-22, 199843.97599999997
2025-05-23, 199843.97599999997
2025-05-26, 199843.97599999997
2025-05-27, 199843.97599999997
2025-05-28, 199843.97599999997
2025-05-29, 199843.97599999997
2025-05-30, 199843.97599999997
2025-06-03, 199843.97599999997
2025-06-04, 199843.97599999997
2025-06-05, 199843.97599999997
2025-06-06, 199843.97599999997
2025-06-09, 199843.97599999997
